
[0;34m[INFO][0m Checking dependencies...
[0;32m[SUCCESS][0m All dependencies satisfied
[0;34m[INFO][0m Creating backup...
[0;32m[SUCCESS][0m Backup created: backups/docker-compose.yml.20251111_223916
[0;34m[INFO][0m Extracting YouTube tokens...
[0;34m[INFO][0m Starting token extraction...
[0;34m[INFO][0m Attempting to extract tokens using Python method...
[0;32m[SUCCESS][0m Tokens extracted:
[0;34m[INFO][0m Updating docker-compose.yml...
[0;32m[SUCCESS][0m docker-compose.yml updated successfully
[0;34m[INFO][0m Restarting services...
[0;34m[INFO][0m Stopping services...
[0;34m[INFO][0m Pulling latest images...
[0;34m[INFO][0m Starting services...
[0;32m[SUCCESS][0m Services restarted successfully
[0;34m[INFO][0m Verifying deployment...
[0;34m[INFO][0m Waiting for services to stabilize (30 seconds)...
[0;34m[INFO][0m Checking companion logs...
[1;33m[WARNING][0m Found 2 error(s) in companion logs:
[0;34m[INFO][0m Testing Invidious API...
[0;32m[SUCCESS][0m API is responding correctly
[0;34m[INFO][0m Testing trending endpoint...
[1;33m[WARNING][0m Trending endpoint still returning errors. Tokens may need time to propagate or may be invalid.
[1;33m[WARNING][0m Deployment completed but verification failed. Please check logs.
[0;32m[SUCCESS][0m Token rotation and deployment complete!
